////////////////////////////////////////////////////////////////////////////////
// Impulse v23.3.0.2
// Build date and time:  2023-09-29 15:22:00
// Internal revision:    branch HEAD - hash c27499706...
//
// Distribution:         Ubuntu 22.04.4 LTS
// Execution date:       ter jul 2 21:51:46 2024
// Command line:         /opt/NanoXplore/impulse-23-3/bin/impulse 
// Process ID:           18276
////////////////////////////////////////////////////////////////////////////////

22:02:59:info     |   ////////////////////////////////////////////////////////////////////////////////
22:02:59:info     |   // Synthesized Data
22:02:59:info     |   ////////////////////////////////////////////////////////////////////////////////
22:02:59:info     |   ----------------------------------------------
22:02:59:info     |   - HDL Source code report                     -
22:02:59:info     |   ----------------------------------------------
22:02:59:info     |   
22:02:59:info     |   Synthesized HDL Files : 
22:02:59:info     |   Top cell: blink from : work:/home/desktop/Projects/large-blinker/src/blink.v
22:02:59:info     |   
22:02:59:info     |   <Library>		:: <File>
22:02:59:info     |   work		:: /home/desktop/Projects/large-blinker/src/blink.v
22:02:59:info     |   work		:: /opt/NanoXplore/impulse-23-3/share/variants/NG-LARGE/nxLibrary.vhd
22:02:59:info     |   work		:: /home/desktop/Projects/large-blinker/src/blink.v
22:02:59:info     |   work		:: /opt/NanoXplore/impulse-23-3/share/variants/NG-LARGE/nxLibrary.vhd
22:02:59:info     |   work		:: /home/desktop/Projects/large-blinker/src/blink.v
22:02:59:info     |   work		:: /opt/NanoXplore/impulse-23-3/share/variants/NG-LARGE/nxLibrary.vhd
22:02:59:info     |   work		:: /home/desktop/Projects/large-blinker/src/blink.v
22:02:59:info     |   work		:: /opt/NanoXplore/impulse-23-3/share/variants/NG-LARGE/nxLibrary.vhd
22:02:59:info     |   work		:: /home/desktop/Projects/large-blinker/src/blink.v
22:02:59:info     |   work		:: /opt/NanoXplore/impulse-23-3/share/variants/NG-LARGE/nxLibrary.vhd
22:02:59:info     |   work		:: /home/desktop/Projects/large-blinker/src/blink.v
22:02:59:info     |   work		:: /opt/NanoXplore/impulse-23-3/share/variants/NG-LARGE/nxLibrary.vhd
