////////////////////////////////////////////////////////////////////////////////
// Impulse v23.3.0.2
// Build date and time:  2023-09-29 15:22:00
// Internal revision:    branch HEAD - hash c27499706...
//
// Distribution:         Ubuntu 22.04.4 LTS
// Execution date:       ter jul 2 21:51:46 2024
// Command line:         /opt/NanoXplore/impulse-23-3/bin/impulse 
// Process ID:           18276
////////////////////////////////////////////////////////////////////////////////

22:03:00:info     |     
22:03:00:info     |     Reporting instances at state 'Synthesized':
22:03:00:info     |       +---------------+----------------+-------------+---------------+------------+------------+--------+-------------+------------+------------+-----------+----------+
                  |       |               |                |             |    1 - bit    |  Register  |   Cross    | Clock  |    Clock    |  Digital   |   Memory   |           |          |
                  |       |     4-LUT     |      DFF       |    XLUT     |     Carry     |    file    |   domain   | Buffer |   switch    |   signal   |   block    |    WFG    |   PLL    |
                  |       |               |                |             |               |   block    |   clock    |        |             | processor  |            |           |          |
                  |       +---------------+----------------+-------------+---------------+------------+------------+--------+-------------+------------+------------+-----------+----------+
                  |       | 0/129024 (0%) | 27/129024 (1%) | 0/8064 (0%) | 27/32256 (1%) | 0/672 (0%) | 0/672 (0%) |   0    | 0/1344 (0%) | 0/384 (0%) | 0/192 (0%) | 0/40 (0%) | 0/4 (0%) |
                  |       +---------------+----------------+-------------+---------------+------------+------------+--------+-------------+------------+------------+-----------+----------+
                  |       
22:03:00:info     |     Actual FE occupancy is 54/129024 (1%)
22:03:00:info     |       
22:03:00:info     |       Some instances (Register File, Carry, Cross Domain Clock and Clock Switch) use Functional Elements (FEs) to accomodate signal input(s) and output(s).
22:03:00:info     |       These FEs are automatically created when processing the design. Please check the CookBook for more information.
22:03:00:info     |       The following table details the use of FEs.
22:03:00:info     |       +----------------++--------------------------------------+
                  |       |     Total      ||               Used By                |
                  |       |       FE       ||       |  DFF   |    |    |     |     |
                  |       |     Count      || 4-LUT | Buffer | CY | RF | CDC | CKS |
                  |       +----------------++-------+--------+----+----+-----+-----+
                  |       | 54/129024 (1%) ||   0   |   27   | 27 | 0  |  0  |  0  |
                  |       +----------------++-------+--------+----+----+-----+-----+
                  |       
22:03:00:info     |       
22:03:00:info     |       Several instances have registers, depending on configuration. Please check the CookBook or the NX Library Guide for more information.
22:03:00:info     |       The following table lists the number of registers for each instance type.
22:03:00:info     |       +----------++-----------------------+
                  |       |  Total   ||        Used By        |
                  |       | Register ||    |     |     |      |
                  |       |  Count   || FE | DSP | RAM | Pads |
                  |       +----------++----+-----+-----+------+
                  |       |    27    || 27 |  0  |  0  |  0   |
                  |       +----------++----+-----+-----+------+
                  |       
22:05:28:info     |     
22:05:28:info     |     Reporting instances at state 'Prepared':
22:05:28:info     |       +---------------+----------------+-------------+---------------+------------+------------+--------+-------------+------------+------------+-----------+----------+
                  |       |               |                |             |    1 - bit    |  Register  |   Cross    | Clock  |    Clock    |  Digital   |   Memory   |           |          |
                  |       |     4-LUT     |      DFF       |    XLUT     |     Carry     |    file    |   domain   | Buffer |   switch    |   signal   |   block    |    WFG    |   PLL    |
                  |       |               |                |             |               |   block    |   clock    |        |             | processor  |            |           |          |
                  |       +---------------+----------------+-------------+---------------+------------+------------+--------+-------------+------------+------------+-----------+----------+
                  |       | 0/129024 (0%) | 27/129024 (1%) | 0/8064 (0%) | 27/32256 (1%) | 0/672 (0%) | 0/672 (0%) |   0    | 0/1344 (0%) | 0/384 (0%) | 0/192 (0%) | 1/40 (3%) | 0/4 (0%) |
                  |       +---------------+----------------+-------------+---------------+------------+------------+--------+-------------+------------+------------+-----------+----------+
                  |       
22:05:28:info     |     Actual FE occupancy is 27/129024 (1%)
22:05:28:info     |       
22:05:28:info     |       Some instances (Register File, Carry, Cross Domain Clock and Clock Switch) use Functional Elements (FEs) to accomodate signal input(s) and output(s).
22:05:28:info     |       These FEs are automatically created when processing the design. Please check the CookBook for more information.
22:05:28:info     |       The following table details the use of FEs.
22:05:28:info     |       +----------------++--------------------------------------+
                  |       |     Total      ||               Used By                |
                  |       |       FE       ||       |  DFF   |    |    |     |     |
                  |       |     Count      || 4-LUT | Buffer | CY | RF | CDC | CKS |
                  |       +----------------++-------+--------+----+----+-----+-----+
                  |       | 27/129024 (1%) ||   0   |   0    | 27 | 0  |  0  |  0  |
                  |       +----------------++-------+--------+----+----+-----+-----+
                  |       
22:05:28:info     |       
22:05:28:info     |       Several instances have registers, depending on configuration. Please check the CookBook or the NX Library Guide for more information.
22:05:28:info     |       The following table lists the number of registers for each instance type.
22:05:28:info     |       +----------++-----------------------+
                  |       |  Total   ||        Used By        |
                  |       | Register ||    |     |     |      |
                  |       |  Count   || FE | DSP | RAM | Pads |
                  |       +----------++----+-----+-----+------+
                  |       |    27    || 27 |  0  |  0  |  0   |
                  |       +----------++----+-----+-----+------+
                  |       
22:05:42:info     |     
22:05:42:info     |     Reporting instances at state 'Routed':
22:05:43:info     |       +---------------+----------------+-------------+---------------+------------+------------+--------+-------------+------------+------------+-----------+----------+
                  |       |               |                |             |    1 - bit    |  Register  |   Cross    | Clock  |    Clock    |  Digital   |   Memory   |           |          |
                  |       |     4-LUT     |      DFF       |    XLUT     |     Carry     |    file    |   domain   | Buffer |   switch    |   signal   |   block    |    WFG    |   PLL    |
                  |       |               |                |             |               |   block    |   clock    |        |             | processor  |            |           |          |
                  |       +---------------+----------------+-------------+---------------+------------+------------+--------+-------------+------------+------------+-----------+----------+
                  |       | 0/129024 (0%) | 27/129024 (1%) | 0/8064 (0%) | 27/32256 (1%) | 0/672 (0%) | 0/672 (0%) |   0    | 0/1344 (0%) | 0/384 (0%) | 0/192 (0%) | 1/40 (3%) | 0/4 (0%) |
                  |       +---------------+----------------+-------------+---------------+------------+------------+--------+-------------+------------+------------+-----------+----------+
                  |       
22:05:43:info     |     Actual FE occupancy is 27/129024 (1%)
22:05:43:info     |       
22:05:43:info     |       Some instances (Register File, Carry, Cross Domain Clock and Clock Switch) use Functional Elements (FEs) to accomodate signal input(s) and output(s).
22:05:43:info     |       These FEs are automatically created when processing the design. Please check the CookBook for more information.
22:05:43:info     |       The following table details the use of FEs.
22:05:43:info     |       +----------------++--------------------------------------+
                  |       |     Total      ||               Used By                |
                  |       |       FE       ||       |  DFF   |    |    |     |     |
                  |       |     Count      || 4-LUT | Buffer | CY | RF | CDC | CKS |
                  |       +----------------++-------+--------+----+----+-----+-----+
                  |       | 27/129024 (1%) ||   0   |   0    | 27 | 0  |  0  |  0  |
                  |       +----------------++-------+--------+----+----+-----+-----+
                  |       
22:05:43:info     |       
22:05:43:info     |       Several instances have registers, depending on configuration. Please check the CookBook or the NX Library Guide for more information.
22:05:43:info     |       The following table lists the number of registers for each instance type.
22:05:43:info     |       +----------++-----------------------+
                  |       |  Total   ||        Used By        |
                  |       | Register ||    |     |     |      |
                  |       |  Count   || FE | DSP | RAM | Pads |
                  |       +----------++----+-----+-----+------+
                  |       |    27    || 27 |  0  |  0  |  0   |
                  |       +----------++----+-----+-----+------+
                  |       
