////////////////////////////////////////////////////////////////////////////////
// Impulse v23.3.0.2
// Build date and time:  2023-09-29 15:22:00
// Internal revision:    branch HEAD - hash c27499706...
//
// Distribution:         Ubuntu 22.04.4 LTS
// Execution date:       ter jul 2 21:51:46 2024
// Command line:         /opt/NanoXplore/impulse-23-3/bin/impulse 
// Process ID:           18276
////////////////////////////////////////////////////////////////////////////////

22:05:28:info     |       
22:05:28:info     |       Reporting ports at state 'Prepared':
22:05:28:info     |       Ports used in current design.
22:05:28:info     |       +-------------------------+
                  |       |           IOs           |
                  |       | Input | Output | In/Out |
                  |       +-------+--------+--------+
                  |       | 1     | 1      | 0      |
                  |       +-------+--------+--------+
                  |       
22:05:28:info     |       +------+------+------------+----------+---------+-------+----------------------+----------+---------------+--------------+-------+---------------+
                  |       | Name | I/O  |  Location  | Standard | Voltage | Drive |     Termination      | SlewRate |   DelayLine   | Differential | Turbo |  Registered   |
                  |       |      |      |            |          |         |       | R / Weak / Reference |          |   In / Out    |              |       | Asked:Applied |
                  |       +------+------+------------+----------+---------+-------+----------------------+----------+---------------+--------------+-------+---------------+
                  |       | clk  | In   | IOB0_D01P  | LVCMOS   |    2.5V |   2mA |  None / PullUp / -   |  Medium  | False / False |    False     | False |      -:-      |
                  |       | led  | Out  | IOB11_D05N | LVCMOS   |    2.5V |   2mA |  None / PullUp / -   |  Medium  | False / False |    False     | False |      -:-      |
                  |       +------+------+------------+----------+---------+-------+----------------------+----------+---------------+--------------+-------+---------------+
                  |       
22:05:28:info     |       Note: the table above only displays the ports that are used in the current design.
22:05:28:info     |       Note: the exclamation mark (!) indicates that the current pad configuration has been generated during the process and has not been defined by the user.
22:05:28:info     |       Pads that are not used are dropped during Place step, warnings messages may have been issued earlier in the log.
