////////////////////////////////////////////////////////////////////////////////
// Impulse v23.3.0.2
// Build date and time:  2023-09-29 15:22:00
// Internal revision:    branch HEAD - hash c27499706...
//
// Distribution:         Ubuntu 22.04.4 LTS
// Execution date:       ter jul 2 21:51:46 2024
// Command line:         /opt/NanoXplore/impulse-23-3/bin/impulse 
// Process ID:           18276
////////////////////////////////////////////////////////////////////////////////

22:05:28:info     |     Lowskew network statistics at state: Prepared
22:05:28:info     |       Lowskew signals: 1
22:05:28:info     |       Total lowskew branches: 1
22:05:28:info     |       
22:05:28:info     |       Lowskew signals list:
22:05:28:info     |         clk:	 27 receivers.
22:05:28:info     |       
22:05:28:info     |       Lobe occupancy:
22:05:28:info     |         LOBE[Rx1]:	 1/12
22:05:28:info     |       
22:05:28:info     |       Lobe contents:
22:05:28:info     |         Lobe: LOBE[Rx1]:
22:05:28:info     |           Net clk from instance clk
22:05:28:info     |     
22:05:28:info     |     
22:05:28:info     |     Lowskew network statistics at state: Spreaded
22:05:28:info     |       Lowskew signals: 1
22:05:28:info     |       Total lowskew branches: 1
22:05:28:info     |       
22:05:28:info     |       Lowskew signals list:
22:05:28:info     |         clk:	 27 receivers.
22:05:28:info     |       
22:05:28:info     |       Lobe occupancy:
22:05:28:info     |         LOBE[Rx1]:	 1/12
22:05:28:info     |       
22:05:28:info     |       Lobe contents:
22:05:28:info     |         Lobe: LOBE[Rx1]:
22:05:28:info     |           Net clk from instance clk
22:05:28:info     |     
22:05:28:info     |     
22:05:28:info     |     Lowskew network statistics at state: Placed
22:05:28:info     |       Lowskew signals: 1
22:05:28:info     |       Total lowskew branches: 1
22:05:28:info     |       
22:05:28:info     |       Lowskew signals list:
22:05:28:info     |         clk:	 1 receivers.
22:05:28:info     |       
22:05:28:info     |       Lobe occupancy:
22:05:28:info     |         LOBE[Rx1]:	 1/12
22:05:28:info     |       
22:05:28:info     |       Lobe contents:
22:05:28:info     |         Lobe: LOBE[Rx1]:
22:05:28:info     |           Net clk from instance clk
22:05:28:info     |     
22:05:28:info     |     
22:05:43:info     |     Lowskew network statistics at state: Routed
22:05:43:info     |       Lowskew signals: 1
22:05:43:info     |       Total lowskew branches: 1
22:05:43:info     |       
22:05:43:info     |       Lowskew signals list:
22:05:43:info     |         clk:	 1 receivers.
22:05:43:info     |       
22:05:43:info     |       Lobe occupancy:
22:05:43:info     |         LOBE[Rx1]:	 1/12
22:05:43:info     |       
22:05:43:info     |       Lobe contents:
22:05:43:info     |         Lobe: LOBE[Rx1]:
22:05:43:info     |           Net clk from instance clk
22:05:43:info     |     
22:05:43:info     |     
