////////////////////////////////////////////////////////////////////////////////
// Impulse v23.3.0.2
// Build date and time:  2023-09-29 15:22:00
// Internal revision:    branch HEAD - hash c27499706...
//
// Distribution:         Ubuntu 22.04.4 LTS
// Execution date:       ter jul 2 21:51:46 2024
// Command line:         /opt/NanoXplore/impulse-23-3/bin/impulse 
// Process ID:           18276
////////////////////////////////////////////////////////////////////////////////

22:02:59:info     |     ----------------------------------------------
22:02:59:info     |     - Standard Logic processing                  -
22:02:59:info     |     ----------------------------------------------
22:02:59:info     |     Flattening Design
22:02:59:info     |       Destroying internal cells ...
22:02:59:info     |       Purging: blink
22:02:59:info     |     Analyzing LUT-based Adders
22:03:00:info     |     Analyzing Memory
22:03:00:info     |     Flattening Design
22:03:00:info     |       Destroying internal cells ...
22:03:00:info     |       Purging: blink
22:03:00:info     |     Analyzing Dsp
22:03:00:info     |     Flattening Design
22:03:00:info     |       Destroying internal cells ...
22:03:00:info     |       Purging: blink
22:03:00:info     |       Destroying internal cells ...
22:03:00:info     |       Purging: blink
22:03:00:info     |     Checking logic cycles
